{\rtf1\ansi\deff0{\fonttbl{\f0\froman Times New Roman;}{\f1\fswiss Arial;}{\f2\fmodern Courier New;}}
\trowd\intbl\trautofit1\trgaph144\sb79\sa79\trqc\clbrdrt\brdrs\cellx2856\clbrdrt\brdrs\cellx4536\clbrdrt\brdrs\cellx6216\clbrdrt\brdrs\cellx7896\clbrdrt\brdrs\cellx9576\fs24 \ql \cell \qc rruc_std\cell \qc rgap_std\cell \qc rruc_std\cell \qc rgap_std\cell\row
\trowd\intbl\trautofit1\trgaph144\sb79\sa0\trqc\clbrdrt\brdrs\cellx2856\clbrdrt\brdrs\cellx4536\clbrdrt\brdrs\cellx6216\clbrdrt\brdrs\cellx7896\clbrdrt\brdrs\cellx9576\fs24 \pard\intbl\ql bartik15r_std\cell \pard\intbl\tqdec\tx538 {\fs24 -0.1369}\cell \pard\intbl\tqdec\tx538 {\fs24 0.0560}\cell \pard\intbl\tqdec\tx538 {\fs24 -0.1366}\cell \pard\intbl\tqdec\tx538 {\fs24 0.0596}\cell\row
\trowd\intbl\trautofit1\trgaph144\sb0\sa79\trqc\cellx2856\cellx4536\cellx6216\cellx7896\cellx9576\fs24 \pard\intbl\ql \cell \pard\intbl\tqdec\tx538 {\fs20 (0.0400)**}\cell \pard\intbl\tqdec\tx538 {\fs20 (0.0323)}\cell \pard\intbl\tqdec\tx538 {\fs20 (0.0403)**}\cell \pard\intbl\tqdec\tx538 {\fs20 (0.0293)*}\cell\row
\trowd\intbl\trautofit1\trgaph144\sb0\sa0\trqc\cellx2856\cellx4536\cellx6216\cellx7896\cellx9576\fs24 \pard\intbl\ql oilshock151r_std\cell \pard\intbl\tqdec\tx538 {\fs24 -0.1015}\cell \pard\intbl\tqdec\tx538 {\fs24 0.2537}\cell \pard\intbl\tqdec\tx538 {\fs24 -0.0853}\cell \pard\intbl\tqdec\tx538 {\fs24 0.2031}\cell\row
\trowd\intbl\trautofit1\trgaph144\sb0\sa79\trqc\cellx2856\cellx4536\cellx6216\cellx7896\cellx9576\fs24 \pard\intbl\ql \cell \pard\intbl\tqdec\tx538 {\fs20 (0.0736)}\cell \pard\intbl\tqdec\tx538 {\fs20 (0.1829)}\cell \pard\intbl\tqdec\tx538 {\fs20 (0.0716)}\cell \pard\intbl\tqdec\tx538 {\fs20 (0.1799)}\cell\row
\trowd\intbl\trautofit1\trgaph144\sb0\sa0\trqc\cellx2856\cellx4536\cellx6216\cellx7896\cellx9576\fs24 \pard\intbl\ql oilshock1512r_std\cell \pard\intbl\tqdec\tx538 {\fs24 0.0231}\cell \pard\intbl\tqdec\tx538 {\fs24 0.0857}\cell \pard\intbl\tqdec\tx538 {\fs24 0.0538}\cell \pard\intbl\tqdec\tx538 {\fs24 0.0307}\cell\row
\trowd\intbl\trautofit1\trgaph144\sb0\sa79\trqc\cellx2856\cellx4536\cellx6216\cellx7896\cellx9576\fs24 \pard\intbl\ql \cell \pard\intbl\tqdec\tx538 {\fs20 (0.0606)}\cell \pard\intbl\tqdec\tx538 {\fs20 (0.1530)}\cell \pard\intbl\tqdec\tx538 {\fs20 (0.0588)}\cell \pard\intbl\tqdec\tx538 {\fs20 (0.1511)}\cell\row
\trowd\intbl\trautofit1\trgaph144\sb0\sa0\trqc\cellx2856\cellx4536\cellx6216\cellx7896\cellx9576\fs24 \pard\intbl\ql ur12_std\cell \pard\intbl\tqdec\tx538 {\fs24 -0.0239}\cell \pard\intbl\tqdec\tx538 {\fs24 }\cell \pard\intbl\tqdec\tx538 {\fs24 -0.0099}\cell \pard\intbl\tqdec\tx538 {\fs24 }\cell\row
\trowd\intbl\trautofit1\trgaph144\sb0\sa79\trqc\cellx2856\cellx4536\cellx6216\cellx7896\cellx9576\fs24 \pard\intbl\ql \cell \pard\intbl\tqdec\tx538 {\fs20 (0.0164)}\cell \pard\intbl\tqdec\tx538 {\fs20 }\cell \pard\intbl\tqdec\tx538 {\fs20 (0.0209)}\cell \pard\intbl\tqdec\tx538 {\fs20 }\cell\row
\trowd\intbl\trautofit1\trgaph144\sb0\sa0\trqc\cellx2856\cellx4536\cellx6216\cellx7896\cellx9576\fs24 \pard\intbl\ql black\cell \pard\intbl\tqdec\tx538 {\fs24 0.1374}\cell \pard\intbl\tqdec\tx538 {\fs24 0.0233}\cell \pard\intbl\tqdec\tx538 {\fs24 0.1357}\cell \pard\intbl\tqdec\tx538 {\fs24 0.0253}\cell\row
\trowd\intbl\trautofit1\trgaph144\sb0\sa79\trqc\cellx2856\cellx4536\cellx6216\cellx7896\cellx9576\fs24 \pard\intbl\ql \cell \pard\intbl\tqdec\tx538 {\fs20 (0.0125)**}\cell \pard\intbl\tqdec\tx538 {\fs20 (0.0149)}\cell \pard\intbl\tqdec\tx538 {\fs20 (0.0134)**}\cell \pard\intbl\tqdec\tx538 {\fs20 (0.0175)}\cell\row
\trowd\intbl\trautofit1\trgaph144\sb0\sa0\trqc\cellx2856\cellx4536\cellx6216\cellx7896\cellx9576\fs24 \pard\intbl\ql hisp\cell \pard\intbl\tqdec\tx538 {\fs24 0.1850}\cell \pard\intbl\tqdec\tx538 {\fs24 0.0503}\cell \pard\intbl\tqdec\tx538 {\fs24 0.1997}\cell \pard\intbl\tqdec\tx538 {\fs24 0.0307}\cell\row
\trowd\intbl\trautofit1\trgaph144\sb0\sa79\trqc\cellx2856\cellx4536\cellx6216\cellx7896\cellx9576\fs24 \pard\intbl\ql \cell \pard\intbl\tqdec\tx538 {\fs20 (0.0462)**}\cell \pard\intbl\tqdec\tx538 {\fs20 (0.0460)}\cell \pard\intbl\tqdec\tx538 {\fs20 (0.0438)**}\cell \pard\intbl\tqdec\tx538 {\fs20 (0.0435)}\cell\row
\trowd\intbl\trautofit1\trgaph144\sb0\sa0\trqc\cellx2856\cellx4536\cellx6216\cellx7896\cellx9576\fs24 \pard\intbl\ql female\cell \pard\intbl\tqdec\tx538 {\fs24 0.0048}\cell \pard\intbl\tqdec\tx538 {\fs24 0.0047}\cell \pard\intbl\tqdec\tx538 {\fs24 -0.0127}\cell \pard\intbl\tqdec\tx538 {\fs24 0.0097}\cell\row
\trowd\intbl\trautofit1\trgaph144\sb0\sa79\trqc\cellx2856\cellx4536\cellx6216\cellx7896\cellx9576\fs24 \pard\intbl\ql \cell \pard\intbl\tqdec\tx538 {\fs20 (0.0061)}\cell \pard\intbl\tqdec\tx538 {\fs20 (0.0110)}\cell \pard\intbl\tqdec\tx538 {\fs20 (0.0057)*}\cell \pard\intbl\tqdec\tx538 {\fs20 (0.0076)}\cell\row
\trowd\intbl\trautofit1\trgaph144\sb0\sa0\trqc\cellx2856\cellx4536\cellx6216\cellx7896\cellx9576\fs24 \pard\intbl\ql spouse\cell \pard\intbl\tqdec\tx538 {\fs24 0.0118}\cell \pard\intbl\tqdec\tx538 {\fs24 -0.0077}\cell \pard\intbl\tqdec\tx538 {\fs24 -0.0193}\cell \pard\intbl\tqdec\tx538 {\fs24 -0.0048}\cell\row
\trowd\intbl\trautofit1\trgaph144\sb0\sa79\trqc\cellx2856\cellx4536\cellx6216\cellx7896\cellx9576\fs24 \pard\intbl\ql \cell \pard\intbl\tqdec\tx538 {\fs20 (0.0064)}\cell \pard\intbl\tqdec\tx538 {\fs20 (0.0075)}\cell \pard\intbl\tqdec\tx538 {\fs20 (0.0042)**}\cell \pard\intbl\tqdec\tx538 {\fs20 (0.0043)}\cell\row
\trowd\intbl\trautofit1\trgaph144\sb0\sa0\trqc\cellx2856\cellx4536\cellx6216\cellx7896\cellx9576\fs24 \pard\intbl\ql kids\cell \pard\intbl\tqdec\tx538 {\fs24 0.0072}\cell \pard\intbl\tqdec\tx538 {\fs24 -0.0208}\cell \pard\intbl\tqdec\tx538 {\fs24 0.0116}\cell \pard\intbl\tqdec\tx538 {\fs24 -0.0078}\cell\row
\trowd\intbl\trautofit1\trgaph144\sb0\sa79\trqc\cellx2856\cellx4536\cellx6216\cellx7896\cellx9576\fs24 \pard\intbl\ql \cell \pard\intbl\tqdec\tx538 {\fs20 (0.0073)}\cell \pard\intbl\tqdec\tx538 {\fs20 (0.0091)*}\cell \pard\intbl\tqdec\tx538 {\fs20 (0.0042)**}\cell \pard\intbl\tqdec\tx538 {\fs20 (0.0058)}\cell\row
\trowd\intbl\trautofit1\trgaph144\sb0\sa0\trqc\cellx2856\cellx4536\cellx6216\cellx7896\cellx9576\fs24 \pard\intbl\ql metrostat\cell \pard\intbl\tqdec\tx538 {\fs24 0.2011}\cell \pard\intbl\tqdec\tx538 {\fs24 0.0462}\cell \pard\intbl\tqdec\tx538 {\fs24 0.2216}\cell \pard\intbl\tqdec\tx538 {\fs24 0.0513}\cell\row
\trowd\intbl\trautofit1\trgaph144\sb0\sa79\trqc\cellx2856\cellx4536\cellx6216\cellx7896\cellx9576\fs24 \pard\intbl\ql \cell \pard\intbl\tqdec\tx538 {\fs20 (0.0430)**}\cell \pard\intbl\tqdec\tx538 {\fs20 (0.0679)}\cell \pard\intbl\tqdec\tx538 {\fs20 (0.0398)**}\cell \pard\intbl\tqdec\tx538 {\fs20 (0.0618)}\cell\row
\trowd\intbl\trautofit1\trgaph144\sb0\sa0\trqc\cellx2856\cellx4536\cellx6216\cellx7896\cellx9576\fs24 \pard\intbl\ql timet\cell \pard\intbl\tqdec\tx538 {\fs24 0.0116}\cell \pard\intbl\tqdec\tx538 {\fs24 -0.0179}\cell \pard\intbl\tqdec\tx538 {\fs24 0.0052}\cell \pard\intbl\tqdec\tx538 {\fs24 0.0040}\cell\row
\trowd\intbl\trautofit1\trgaph144\sb0\sa79\trqc\cellx2856\cellx4536\cellx6216\cellx7896\cellx9576\fs24 \pard\intbl\ql \cell \pard\intbl\tqdec\tx538 {\fs20 (0.0080)}\cell \pard\intbl\tqdec\tx538 {\fs20 (0.0180)}\cell \pard\intbl\tqdec\tx538 {\fs20 (0.0101)}\cell \pard\intbl\tqdec\tx538 {\fs20 (0.0138)}\cell\row
\trowd\intbl\trautofit1\trgaph144\sb0\sa0\trqc\cellx2856\cellx4536\cellx6216\cellx7896\cellx9576\fs24 \pard\intbl\ql timet2\cell \pard\intbl\tqdec\tx538 {\fs24 -0.0004}\cell \pard\intbl\tqdec\tx538 {\fs24 0.0003}\cell \pard\intbl\tqdec\tx538 {\fs24 -0.0003}\cell \pard\intbl\tqdec\tx538 {\fs24 -0.0001}\cell\row
\trowd\intbl\trautofit1\trgaph144\sb0\sa79\trqc\cellx2856\cellx4536\cellx6216\cellx7896\cellx9576\fs24 \pard\intbl\ql \cell \pard\intbl\tqdec\tx538 {\fs20 (0.0001)**}\cell \pard\intbl\tqdec\tx538 {\fs20 (0.0004)}\cell \pard\intbl\tqdec\tx538 {\fs20 (0.0002)}\cell \pard\intbl\tqdec\tx538 {\fs20 (0.0003)}\cell\row
\trowd\intbl\trautofit1\trgaph144\sb0\sa0\trqc\cellx2856\cellx4536\cellx6216\cellx7896\cellx9576\fs24 \pard\intbl\ql _Iagegrp_2\cell \pard\intbl\tqdec\tx538 {\fs24 0.0337}\cell \pard\intbl\tqdec\tx538 {\fs24 -0.0035}\cell \pard\intbl\tqdec\tx538 {\fs24 }\cell \pard\intbl\tqdec\tx538 {\fs24 }\cell\row
\trowd\intbl\trautofit1\trgaph144\sb0\sa79\trqc\cellx2856\cellx4536\cellx6216\cellx7896\cellx9576\fs24 \pard\intbl\ql \cell \pard\intbl\tqdec\tx538 {\fs20 (0.0074)**}\cell \pard\intbl\tqdec\tx538 {\fs20 (0.0115)}\cell \pard\intbl\tqdec\tx538 {\fs20 }\cell \pard\intbl\tqdec\tx538 {\fs20 }\cell\row
\trowd\intbl\trautofit1\trgaph144\sb0\sa0\trqc\cellx2856\cellx4536\cellx6216\cellx7896\cellx9576\fs24 \pard\intbl\ql _Iagegrp_3\cell \pard\intbl\tqdec\tx538 {\fs24 0.0386}\cell \pard\intbl\tqdec\tx538 {\fs24 0.0030}\cell \pard\intbl\tqdec\tx538 {\fs24 }\cell \pard\intbl\tqdec\tx538 {\fs24 }\cell\row
\trowd\intbl\trautofit1\trgaph144\sb0\sa79\trqc\cellx2856\cellx4536\cellx6216\cellx7896\cellx9576\fs24 \pard\intbl\ql \cell \pard\intbl\tqdec\tx538 {\fs20 (0.0094)**}\cell \pard\intbl\tqdec\tx538 {\fs20 (0.0137)}\cell \pard\intbl\tqdec\tx538 {\fs20 }\cell \pard\intbl\tqdec\tx538 {\fs20 }\cell\row
\trowd\intbl\trautofit1\trgaph144\sb0\sa0\trqc\cellx2856\cellx4536\cellx6216\cellx7896\cellx9576\fs24 \pard\intbl\ql _Ieduc_1\cell \pard\intbl\tqdec\tx538 {\fs24 0.0607}\cell \pard\intbl\tqdec\tx538 {\fs24 0.0184}\cell \pard\intbl\tqdec\tx538 {\fs24 0.0603}\cell \pard\intbl\tqdec\tx538 {\fs24 0.0140}\cell\row
\trowd\intbl\trautofit1\trgaph144\sb0\sa79\trqc\cellx2856\cellx4536\cellx6216\cellx7896\cellx9576\fs24 \pard\intbl\ql \cell \pard\intbl\tqdec\tx538 {\fs20 (0.0082)**}\cell \pard\intbl\tqdec\tx538 {\fs20 (0.0094)}\cell \pard\intbl\tqdec\tx538 {\fs20 (0.0075)**}\cell \pard\intbl\tqdec\tx538 {\fs20 (0.0071)}\cell\row
\trowd\intbl\trautofit1\trgaph144\sb0\sa0\trqc\cellx2856\cellx4536\cellx6216\cellx7896\cellx9576\fs24 \pard\intbl\ql _Ieduc_3\cell \pard\intbl\tqdec\tx538 {\fs24 -0.0260}\cell \pard\intbl\tqdec\tx538 {\fs24 0.0081}\cell \pard\intbl\tqdec\tx538 {\fs24 0.0088}\cell \pard\intbl\tqdec\tx538 {\fs24 -0.0060}\cell\row
\trowd\intbl\trautofit1\trgaph144\sb0\sa79\trqc\cellx2856\cellx4536\cellx6216\cellx7896\cellx9576\fs24 \pard\intbl\ql \cell \pard\intbl\tqdec\tx538 {\fs20 (0.0090)**}\cell \pard\intbl\tqdec\tx538 {\fs20 (0.0123)}\cell \pard\intbl\tqdec\tx538 {\fs20 (0.0073)}\cell \pard\intbl\tqdec\tx538 {\fs20 (0.0104)}\cell\row
\trowd\intbl\trautofit1\trgaph144\sb0\sa0\trqc\cellx2856\cellx4536\cellx6216\cellx7896\cellx9576\fs24 \pard\intbl\ql _Ieduc_4\cell \pard\intbl\tqdec\tx538 {\fs24 -0.0294}\cell \pard\intbl\tqdec\tx538 {\fs24 0.0272}\cell \pard\intbl\tqdec\tx538 {\fs24 -0.0059}\cell \pard\intbl\tqdec\tx538 {\fs24 0.0045}\cell\row
\trowd\intbl\trautofit1\trgaph144\sb0\sa79\trqc\cellx2856\cellx4536\cellx6216\cellx7896\cellx9576\fs24 \pard\intbl\ql \cell \pard\intbl\tqdec\tx538 {\fs20 (0.0120)*}\cell \pard\intbl\tqdec\tx538 {\fs20 (0.0131)*}\cell \pard\intbl\tqdec\tx538 {\fs20 (0.0125)}\cell \pard\intbl\tqdec\tx538 {\fs20 (0.0099)}\cell\row
\trowd\intbl\trautofit1\trgaph144\sb0\sa0\trqc\cellx2856\cellx4536\cellx6216\cellx7896\cellx9576\fs24 \pard\intbl\ql _Iempstat_2\cell \pard\intbl\tqdec\tx538 {\fs24 0.1983}\cell \pard\intbl\tqdec\tx538 {\fs24 -0.1157}\cell \pard\intbl\tqdec\tx538 {\fs24 0.1946}\cell \pard\intbl\tqdec\tx538 {\fs24 -0.1091}\cell\row
\trowd\intbl\trautofit1\trgaph144\sb0\sa79\trqc\cellx2856\cellx4536\cellx6216\cellx7896\cellx9576\fs24 \pard\intbl\ql \cell \pard\intbl\tqdec\tx538 {\fs20 (0.0301)**}\cell \pard\intbl\tqdec\tx538 {\fs20 (0.0224)**}\cell \pard\intbl\tqdec\tx538 {\fs20 (0.0261)**}\cell \pard\intbl\tqdec\tx538 {\fs20 (0.0212)**}\cell\row
\trowd\intbl\trautofit1\trgaph144\sb0\sa0\trqc\cellx2856\cellx4536\cellx6216\cellx7896\cellx9576\fs24 \pard\intbl\ql _Iempstat_3\cell \pard\intbl\tqdec\tx538 {\fs24 0.0577}\cell \pard\intbl\tqdec\tx538 {\fs24 -0.0337}\cell \pard\intbl\tqdec\tx538 {\fs24 0.0868}\cell \pard\intbl\tqdec\tx538 {\fs24 -0.0165}\cell\row
\trowd\intbl\trautofit1\trgaph144\sb0\sa79\trqc\cellx2856\cellx4536\cellx6216\cellx7896\cellx9576\fs24 \pard\intbl\ql \cell \pard\intbl\tqdec\tx538 {\fs20 (0.0071)**}\cell \pard\intbl\tqdec\tx538 {\fs20 (0.0099)**}\cell \pard\intbl\tqdec\tx538 {\fs20 (0.0082)**}\cell \pard\intbl\tqdec\tx538 {\fs20 (0.0059)**}\cell\row
\trowd\intbl\trautofit1\trgaph144\sb0\sa0\trqc\cellx2856\cellx4536\cellx6216\cellx7896\cellx9576\fs24 \pard\intbl\ql gapus_std\cell \pard\intbl\tqdec\tx538 {\fs24 }\cell \pard\intbl\tqdec\tx538 {\fs24 -0.0416}\cell \pard\intbl\tqdec\tx538 {\fs24 }\cell \pard\intbl\tqdec\tx538 {\fs24 -0.0301}\cell\row
\trowd\intbl\trautofit1\trgaph144\sb0\sa79\trqc\cellx2856\cellx4536\cellx6216\cellx7896\cellx9576\fs24 \pard\intbl\ql \cell \pard\intbl\tqdec\tx538 {\fs20 }\cell \pard\intbl\tqdec\tx538 {\fs20 (0.0204)*}\cell \pard\intbl\tqdec\tx538 {\fs20 }\cell \pard\intbl\tqdec\tx538 {\fs20 (0.0143)*}\cell\row
\trowd\intbl\trautofit1\trgaph144\sb0\sa0\trqc\cellx2856\cellx4536\cellx6216\cellx7896\cellx9576\fs24 \pard\intbl\ql _Iagegrp_5\cell \pard\intbl\tqdec\tx538 {\fs24 }\cell \pard\intbl\tqdec\tx538 {\fs24 }\cell \pard\intbl\tqdec\tx538 {\fs24 0.0129}\cell \pard\intbl\tqdec\tx538 {\fs24 -0.0039}\cell\row
\trowd\intbl\trautofit1\trgaph144\sb0\sa79\trqc\cellx2856\cellx4536\cellx6216\cellx7896\cellx9576\fs24 \pard\intbl\ql \cell \pard\intbl\tqdec\tx538 {\fs20 }\cell \pard\intbl\tqdec\tx538 {\fs20 }\cell \pard\intbl\tqdec\tx538 {\fs20 (0.0030)**}\cell \pard\intbl\tqdec\tx538 {\fs20 (0.0033)}\cell\row
\trowd\intbl\trautofit1\trgaph144\sb0\sa0\trqc\cellx2856\cellx4536\cellx6216\cellx7896\cellx9576\fs24 \pard\intbl\ql _Iagegrp_6\cell \pard\intbl\tqdec\tx538 {\fs24 }\cell \pard\intbl\tqdec\tx538 {\fs24 }\cell \pard\intbl\tqdec\tx538 {\fs24 0.0065}\cell \pard\intbl\tqdec\tx538 {\fs24 -0.0044}\cell\row
\trowd\intbl\trautofit1\trgaph144\sb0\sa79\trqc\cellx2856\cellx4536\cellx6216\cellx7896\cellx9576\fs24 \pard\intbl\ql \cell \pard\intbl\tqdec\tx538 {\fs20 }\cell \pard\intbl\tqdec\tx538 {\fs20 }\cell \pard\intbl\tqdec\tx538 {\fs20 (0.0047)}\cell \pard\intbl\tqdec\tx538 {\fs20 (0.0045)}\cell\row
\trowd\intbl\trautofit1\trgaph144\sb0\sa0\trqc\cellx2856\cellx4536\cellx6216\cellx7896\cellx9576\fs24 \pard\intbl\ql _cons\cell \pard\intbl\tqdec\tx538 {\fs24 -0.2539}\cell \pard\intbl\tqdec\tx538 {\fs24 0.1778}\cell \pard\intbl\tqdec\tx538 {\fs24 -0.1662}\cell \pard\intbl\tqdec\tx538 {\fs24 -0.0611}\cell\row
\trowd\intbl\trautofit1\trgaph144\sb0\sa79\trqc\cellx2856\cellx4536\cellx6216\cellx7896\cellx9576\fs24 \pard\intbl\ql \cell \pard\intbl\tqdec\tx538 {\fs20 (0.1011)*}\cell \pard\intbl\tqdec\tx538 {\fs20 (0.2035)}\cell \pard\intbl\tqdec\tx538 {\fs20 (0.1240)}\cell \pard\intbl\tqdec\tx538 {\fs20 (0.1602)}\cell\row
\trowd\intbl\trautofit1\trgaph144\sb0\sa0\trqc\cellx2856\cellx4536\cellx6216\cellx7896\cellx9576\fs24 \pard\intbl\ql {\i R}{\super 2}\cell \pard\intbl\tqdec\tx538 0.06\cell \pard\intbl\tqdec\tx538 0.06\cell \pard\intbl\tqdec\tx538 0.06\cell \pard\intbl\tqdec\tx538 0.04\cell\row
\trowd\intbl\trautofit1\trgaph144\sb0\sa79\trqc\clbrdrb\brdrs\cellx2856\clbrdrb\brdrs\cellx4536\clbrdrb\brdrs\cellx6216\clbrdrb\brdrs\cellx7896\clbrdrb\brdrs\cellx9576\fs24 \pard\intbl\ql {\i N}\cell \pard\intbl\tqdec\tx538 411,484\cell \pard\intbl\tqdec\tx538 425,682\cell \pard\intbl\tqdec\tx538 802,230\cell \pard\intbl\tqdec\tx538 825,294\cell\row
\pard\qc\sb79\sa79\fs19 * {\i p}<0.05; ** {\i p}<0.01\par
\pard\sb0\sa0\fs24\par
}
