--------------------------------------------------------------------------------------
      name:  <unnamed>
       log:  H:\Other\Paper Codes for Uploading\cyclical-migration\Table_4_A2\table4.l
> og
  log type:  text
 opened on:   4 Mar 2020, 18:03:38

. 
. *use table4, clear
. use Input\table4, clear

. 
. set seed 423985738

. foreach V of var exems2is exems2os lexems2i lexems2o {
  2.    foreach C of var gapus1std rucusstd urateus1std {
  3.       *bs "xi: qreg `V' `C' rgap1std lrincpc1  i.cbsa*trend" "_b[`C'] _b[rgap1std
> ] _b[lrincpc1]", cluster(year) reps(50) saving(t4results) replace
.       bs "xi: qreg `V' `C' rgap1std lrincpc1  i.cbsa*trend" "_b[`C'] _b[rgap1std] _b
> [lrincpc1]", cluster(year) reps(50) saving(Output\t4results) replace
  4.           *use t4results, clear
.       use Output\t4results, clear
  5.           mat accum VCE = bs1 bs2 bs3, dev nocons
  6.       mat VCE = VCE/(50-1)
  7.       use Input\table4, clear
  8.       quietly xi: qreg `V' `C' rgap1std lrincpc1 i.cbsa*trend
  9.       mat myb=e(b)
 10.       matrix myb = myb[1,1..3]
 11.       mat colnames VCE= `C'  rgap1std lrincpc1
 12.       mat rownames VCE= `C'  rgap1std lrincpc1
 13.       estimates post myb VCE
 14.       estimates display
 15.    }
 16. } 

command:     xi: qreg exems2is gapus1std rgap1std lrincpc1  i.cbsa*trend
statistics:  _b[gapus1std] _b[rgap1std] _b[lrincpc1]
(1,797 observations deleted)
(clusters=26)

Bootstrap statistics

Variable |   Reps   Observed       Bias   Std. Err.   [95% Conf. Interval]
---------+-------------------------------------------------------------------
     bs1 |     50   .1925977   .0534317   .2099869   -.2293869  .6145823  (N)
         |                                           -.1245367  .6298309  (P)
         |                                           -.2932641  .5521931 (BC)
---------+-------------------------------------------------------------------
     bs2 |     50   .6495874  -.0093244   .1512398    .3456596  .9535152  (N)
         |                                            .2937138  .8667063  (P)
         |                                            .1168686  .8667063 (BC)
---------+-------------------------------------------------------------------
     bs3 |     50    31.1265   .6990917   5.498774     20.0763  42.17671  (N)
         |                                            21.16184  42.83144  (P)
         |                                            15.56488  39.40032 (BC)
-----------------------------------------------------------------------------
                              N = normal, P = percentile, BC = bias-corrected
(bs: xi: qreg exems2is gapus1std rgap1std lrincpc1  i.cbsa*trend)
(obs=50)
------------------------------------------------------------------------------
             |      Coef.   Std. Err.      z    P>|z|     [95% Conf. Interval]
-------------+----------------------------------------------------------------
   gapus1std |   .1925977   .2099869     0.92   0.359    -.2189691    .6041646
    rgap1std |   .6495874   .1512398     4.30   0.000     .3531628    .9460121
    lrincpc1 |    31.1265   5.498774     5.66   0.000      20.3491     41.9039
------------------------------------------------------------------------------

command:     xi: qreg exems2is rucusstd rgap1std lrincpc1  i.cbsa*trend
statistics:  _b[rucusstd] _b[rgap1std] _b[lrincpc1]
(1,797 observations deleted)
(clusters=26)

Bootstrap statistics

Variable |   Reps   Observed       Bias   Std. Err.   [95% Conf. Interval]
---------+-------------------------------------------------------------------
     bs1 |     50  -.0426936  -.0968093   .3172459   -.6802231  .5948359  (N)
         |                                           -.7195597  .5747771  (P)
         |                                           -.5016196  .5827065 (BC)
---------+-------------------------------------------------------------------
     bs2 |     50   .6267324  -.0010291   .1641742     .296812  .9566528  (N)
         |                                            .2814258  .9184131  (P)
         |                                            .1150703  .9184131 (BC)
---------+-------------------------------------------------------------------
     bs3 |     50   30.95835   .5346118   6.063527    18.77324  43.14346  (N)
         |                                            21.25864  40.85862  (P)
         |                                            17.19761  39.07073 (BC)
-----------------------------------------------------------------------------
                              N = normal, P = percentile, BC = bias-corrected
(bs: xi: qreg exems2is rucusstd rgap1std lrincpc1  i.cbsa*trend)
(obs=50)
------------------------------------------------------------------------------
             |      Coef.   Std. Err.      z    P>|z|     [95% Conf. Interval]
-------------+----------------------------------------------------------------
    rucusstd |  -.0426936   .3172459    -0.13   0.893    -.6644842     .579097
    rgap1std |   .6267324   .1641742     3.82   0.000     .3049569     .948508
    lrincpc1 |   30.95835   6.063527     5.11   0.000     19.07406    42.84265
------------------------------------------------------------------------------

command:     xi: qreg exems2is urateus1std rgap1std lrincpc1  i.cbsa*trend
statistics:  _b[urateus1std] _b[rgap1std] _b[lrincpc1]
(1,797 observations deleted)
(clusters=26)

Bootstrap statistics

Variable |   Reps   Observed       Bias   Std. Err.   [95% Conf. Interval]
---------+-------------------------------------------------------------------
     bs1 |     50  -.1524931  -.0067679   .4142275   -.9849145  .6799283  (N)
         |                                           -1.211841  .4428186  (P)
         |                                           -1.223684  .4374707 (BC)
---------+-------------------------------------------------------------------
     bs2 |     50   .6194715  -.0120114   .1350181    .3481425  .8908006  (N)
         |                                            .3652089  .8820268  (P)
         |                                            .4204399  .8932872 (BC)
---------+-------------------------------------------------------------------
     bs3 |     50   31.05015   .2118513   5.272198    20.45527  41.64503  (N)
         |                                            18.38819  40.57468  (P)
         |                                            16.95973  40.54129 (BC)
-----------------------------------------------------------------------------
                              N = normal, P = percentile, BC = bias-corrected
(bs: xi: qreg exems2is urateus1std rgap1std lrincpc1  i.cbsa*trend)
(obs=50)
------------------------------------------------------------------------------
             |      Coef.   Std. Err.      z    P>|z|     [95% Conf. Interval]
-------------+----------------------------------------------------------------
 urateus1std |  -.1524931   .4142275    -0.37   0.713    -.9643641     .659378
    rgap1std |   .6194715   .1350181     4.59   0.000     .3548409    .8841021
    lrincpc1 |   31.05015   5.272198     5.89   0.000     20.71684    41.38347
------------------------------------------------------------------------------

command:     xi: qreg exems2os gapus1std rgap1std lrincpc1  i.cbsa*trend
statistics:  _b[gapus1std] _b[rgap1std] _b[lrincpc1]
(1,797 observations deleted)
(clusters=26)

Bootstrap statistics

Variable |   Reps   Observed       Bias   Std. Err.   [95% Conf. Interval]
---------+-------------------------------------------------------------------
     bs1 |     50   .3459699  -.0605939   .3546238   -.3666734  1.058613  (N)
         |                                           -.5406694  .8524844  (P)
         |                                           -.5428658  .8524844 (BC)
---------+-------------------------------------------------------------------
     bs2 |     50   .2369469  -.0366276   .1636235   -.0918669  .5657606  (N)
         |                                           -.0827273  .5097494  (P)
         |                                            .0592628    .74949 (BC)
---------+-------------------------------------------------------------------
     bs3 |     50  -1.476856  -.4051067   4.658684   -10.83883   7.88512  (N)
         |                                           -11.57368  7.919493  (P)
         |                                           -11.57368  9.664045 (BC)
-----------------------------------------------------------------------------
                              N = normal, P = percentile, BC = bias-corrected
(bs: xi: qreg exems2os gapus1std rgap1std lrincpc1  i.cbsa*trend)
(obs=50)
------------------------------------------------------------------------------
             |      Coef.   Std. Err.      z    P>|z|     [95% Conf. Interval]
-------------+----------------------------------------------------------------
   gapus1std |   .3459699   .3546238     0.98   0.329      -.34908     1.04102
    rgap1std |   .2369469   .1636235     1.45   0.148    -.0837493    .5576431
    lrincpc1 |  -1.476856   4.658684    -0.32   0.751    -10.60771    7.653997
------------------------------------------------------------------------------

command:     xi: qreg exems2os rucusstd rgap1std lrincpc1  i.cbsa*trend
statistics:  _b[rucusstd] _b[rgap1std] _b[lrincpc1]
(1,797 observations deleted)
(clusters=26)

Bootstrap statistics

Variable |   Reps   Observed       Bias   Std. Err.   [95% Conf. Interval]
---------+-------------------------------------------------------------------
     bs1 |     50  -.5129123    .148361   .5078634   -1.533502  .5076774  (N)
         |                                           -1.147472  .4345397  (P)
         |                                           -1.330364  .2610146 (BC)
---------+-------------------------------------------------------------------
     bs2 |     50   .2137982  -.0431586   .1356548   -.0588103  .4864067  (N)
         |                                           -.1069808  .4240575  (P)
         |                                            -.092037  .4325471 (BC)
---------+-------------------------------------------------------------------
     bs3 |     50  -3.053809      .5967   4.773163   -12.64584  6.538222  (N)
         |                                           -11.72201  6.940095  (P)
         |                                           -14.46409  5.181059 (BC)
-----------------------------------------------------------------------------
                              N = normal, P = percentile, BC = bias-corrected
(bs: xi: qreg exems2os rucusstd rgap1std lrincpc1  i.cbsa*trend)
(obs=50)
------------------------------------------------------------------------------
             |      Coef.   Std. Err.      z    P>|z|     [95% Conf. Interval]
-------------+----------------------------------------------------------------
    rucusstd |  -.5129123   .5078634    -1.01   0.313    -1.508306    .4824816
    rgap1std |   .2137982   .1356548     1.58   0.115    -.0520803    .4796767
    lrincpc1 |  -3.053809   4.773163    -0.64   0.522    -12.40904    6.301419
------------------------------------------------------------------------------

command:     xi: qreg exems2os urateus1std rgap1std lrincpc1  i.cbsa*trend
statistics:  _b[urateus1std] _b[rgap1std] _b[lrincpc1]
(1,797 observations deleted)
(clusters=26)

Bootstrap statistics

Variable |   Reps   Observed       Bias   Std. Err.   [95% Conf. Interval]
---------+-------------------------------------------------------------------
     bs1 |     50  -.5582827   .1101828   .6322289   -1.828794  .7122288  (N)
         |                                           -1.739663  .4688095  (P)
         |                                            -1.91505  .4669295 (BC)
---------+-------------------------------------------------------------------
     bs2 |     50    .193089  -.0185945   .1510603    -.110478  .4966559  (N)
         |                                           -.0308367  .4806561  (P)
         |                                           -.0308367  .5263847 (BC)
---------+-------------------------------------------------------------------
     bs3 |     50  -2.302452  -.1177561   3.978201   -10.29695  5.692044  (N)
         |                                           -10.78354  4.636331  (P)
         |                                           -10.78354  4.636331 (BC)
-----------------------------------------------------------------------------
                              N = normal, P = percentile, BC = bias-corrected
(bs: xi: qreg exems2os urateus1std rgap1std lrincpc1  i.cbsa*trend)
(obs=50)
------------------------------------------------------------------------------
             |      Coef.   Std. Err.      z    P>|z|     [95% Conf. Interval]
-------------+----------------------------------------------------------------
 urateus1std |  -.5582827   .6322289    -0.88   0.377    -1.797429    .6808631
    rgap1std |    .193089   .1510603     1.28   0.201    -.1029837    .4891616
    lrincpc1 |  -2.302452   3.978201    -0.58   0.563    -10.09958     5.49468
------------------------------------------------------------------------------

command:     xi: qreg lexems2i gapus1std rgap1std lrincpc1  i.cbsa*trend
statistics:  _b[gapus1std] _b[rgap1std] _b[lrincpc1]
(1,795 observations deleted)
(clusters=26)

Bootstrap statistics

Variable |   Reps   Observed       Bias   Std. Err.   [95% Conf. Interval]
---------+-------------------------------------------------------------------
     bs1 |     50   .0111872   .0013021   .0048559     .001429  .0209454  (N)
         |                                            .0029099  .0214033  (P)
         |                                             .002576  .0211035 (BC)
---------+-------------------------------------------------------------------
     bs2 |     50   .0210869  -.0003881   .0030966    .0148641  .0273097  (N)
         |                                            .0146276  .0275983  (P)
         |                                            .0148211  .0288207 (BC)
---------+-------------------------------------------------------------------
     bs3 |     50   .5702091   .0077077   .0964865    .3763122   .764106  (N)
         |                                            .4154283  .7397085  (P)
         |                                            .4154283  .7397085 (BC)
-----------------------------------------------------------------------------
                              N = normal, P = percentile, BC = bias-corrected
(bs: xi: qreg lexems2i gapus1std rgap1std lrincpc1  i.cbsa*trend)
(obs=50)
------------------------------------------------------------------------------
             |      Coef.   Std. Err.      z    P>|z|     [95% Conf. Interval]
-------------+----------------------------------------------------------------
   gapus1std |   .0111872   .0048559     2.30   0.021     .0016699    .0207045
    rgap1std |   .0210869   .0030966     6.81   0.000     .0150178    .0271561
    lrincpc1 |   .5702091   .0964865     5.91   0.000      .381099    .7593192
------------------------------------------------------------------------------

command:     xi: qreg lexems2i rucusstd rgap1std lrincpc1  i.cbsa*trend
statistics:  _b[rucusstd] _b[rgap1std] _b[lrincpc1]
(1,795 observations deleted)
(clusters=26)

Bootstrap statistics

Variable |   Reps   Observed       Bias   Std. Err.   [95% Conf. Interval]
---------+-------------------------------------------------------------------
     bs1 |     50  -.0082917  -.0005468   .0069445   -.0222471  .0056637  (N)
         |                                           -.0228541  .0045311  (P)
         |                                           -.0228541  .0074001 (BC)
---------+-------------------------------------------------------------------
     bs2 |     50   .0201077   .0002831   .0029291    .0142214  .0259941  (N)
         |                                              .01416  .0257838  (P)
         |                                            .0140278  .0254294 (BC)
---------+-------------------------------------------------------------------
     bs3 |     50   .5378395   .0016587   .1252701    .2860998  .7895793  (N)
         |                                            .3087946  .8165524  (P)
         |                                            .3087946  .8201743 (BC)
-----------------------------------------------------------------------------
                              N = normal, P = percentile, BC = bias-corrected
(bs: xi: qreg lexems2i rucusstd rgap1std lrincpc1  i.cbsa*trend)
(obs=50)
------------------------------------------------------------------------------
             |      Coef.   Std. Err.      z    P>|z|     [95% Conf. Interval]
-------------+----------------------------------------------------------------
    rucusstd |  -.0082917   .0069445    -1.19   0.232    -.0219026    .0053192
    rgap1std |   .0201077   .0029291     6.86   0.000     .0143667    .0258487
    lrincpc1 |   .5378395   .1252701     4.29   0.000     .2923146    .7833645
------------------------------------------------------------------------------

command:     xi: qreg lexems2i urateus1std rgap1std lrincpc1  i.cbsa*trend
statistics:  _b[urateus1std] _b[rgap1std] _b[lrincpc1]
(1,795 observations deleted)
(clusters=26)

Bootstrap statistics

Variable |   Reps   Observed       Bias   Std. Err.   [95% Conf. Interval]
---------+-------------------------------------------------------------------
     bs1 |     50  -.0053416   .0004959   .0087526   -.0229306  .0122475  (N)
         |                                           -.0208239    .01077  (P)
         |                                           -.0221453   .010746 (BC)
---------+-------------------------------------------------------------------
     bs2 |     50   .0199841  -.0010314   .0031463    .0136613  .0263068  (N)
         |                                            .0130438  .0242192  (P)
         |                                            .0136999  .0249803 (BC)
---------+-------------------------------------------------------------------
     bs3 |     50   .5315453   .0177564   .1055527    .3194292  .7436615  (N)
         |                                            .3381518  .7133431  (P)
         |                                            .2733535  .6378818 (BC)
-----------------------------------------------------------------------------
                              N = normal, P = percentile, BC = bias-corrected
(bs: xi: qreg lexems2i urateus1std rgap1std lrincpc1  i.cbsa*trend)
(obs=50)
------------------------------------------------------------------------------
             |      Coef.   Std. Err.      z    P>|z|     [95% Conf. Interval]
-------------+----------------------------------------------------------------
 urateus1std |  -.0053416   .0087526    -0.61   0.542    -.0224964    .0118133
    rgap1std |   .0199841   .0031463     6.35   0.000     .0138174    .0261507
    lrincpc1 |   .5315454   .1055527     5.04   0.000     .3246658    .7384249
------------------------------------------------------------------------------

command:     xi: qreg lexems2o gapus1std rgap1std lrincpc1  i.cbsa*trend
statistics:  _b[gapus1std] _b[rgap1std] _b[lrincpc1]
(1,797 observations deleted)
(clusters=26)

Bootstrap statistics

Variable |   Reps   Observed       Bias   Std. Err.   [95% Conf. Interval]
---------+-------------------------------------------------------------------
     bs1 |     50   .0126199   .0024742   .0068426   -.0011307  .0263706  (N)
         |                                            .0036234  .0273843  (P)
         |                                           -.0017562  .0223602 (BC)
---------+-------------------------------------------------------------------
     bs2 |     50   .0147413   .0000731   .0028679    .0089781  .0205045  (N)
         |                                            .0100429  .0196734  (P)
         |                                            .0100429  .0204613 (BC)
---------+-------------------------------------------------------------------
     bs3 |     50  -.1304178   .0298863   .1007146   -.3328114  .0719758  (N)
         |                                           -.2508985  .1146356  (P)
         |                                           -.3686499  .0029539 (BC)
-----------------------------------------------------------------------------
                              N = normal, P = percentile, BC = bias-corrected
(bs: xi: qreg lexems2o gapus1std rgap1std lrincpc1  i.cbsa*trend)
(obs=50)
------------------------------------------------------------------------------
             |      Coef.   Std. Err.      z    P>|z|     [95% Conf. Interval]
-------------+----------------------------------------------------------------
   gapus1std |   .0126199   .0068426     1.84   0.065    -.0007912    .0260311
    rgap1std |   .0147413   .0028679     5.14   0.000     .0091204    .0203623
    lrincpc1 |  -.1304178   .1007146    -1.29   0.195    -.3278148    .0669792
------------------------------------------------------------------------------

command:     xi: qreg lexems2o rucusstd rgap1std lrincpc1  i.cbsa*trend
statistics:  _b[rucusstd] _b[rgap1std] _b[lrincpc1]
(1,797 observations deleted)
(clusters=26)

Bootstrap statistics

Variable |   Reps   Observed       Bias   Std. Err.   [95% Conf. Interval]
---------+-------------------------------------------------------------------
     bs1 |     50  -.0156326  -.0015711   .0113833   -.0385082   .007243  (N)
         |                                           -.0355838  .0043223  (P)
         |                                           -.0334158  .0048814 (BC)
---------+-------------------------------------------------------------------
     bs2 |     50   .0134736  -.0006143   .0026416    .0081651  .0187822  (N)
         |                                            .0074626  .0169429  (P)
         |                                            .0074626  .0182909 (BC)
---------+-------------------------------------------------------------------
     bs3 |     50  -.1496404   .0400836   .0833992   -.3172374  .0179567  (N)
         |                                           -.2657238  .0536162  (P)
         |                                           -.3030693 -.0081904 (BC)
-----------------------------------------------------------------------------
                              N = normal, P = percentile, BC = bias-corrected
(bs: xi: qreg lexems2o rucusstd rgap1std lrincpc1  i.cbsa*trend)
(obs=50)
------------------------------------------------------------------------------
             |      Coef.   Std. Err.      z    P>|z|     [95% Conf. Interval]
-------------+----------------------------------------------------------------
    rucusstd |  -.0156326   .0113833    -1.37   0.170    -.0379435    .0066782
    rgap1std |   .0134736   .0026416     5.10   0.000     .0082961    .0186511
    lrincpc1 |  -.1496404   .0833992    -1.79   0.073    -.3130999    .0138192
------------------------------------------------------------------------------

command:     xi: qreg lexems2o urateus1std rgap1std lrincpc1  i.cbsa*trend
statistics:  _b[urateus1std] _b[rgap1std] _b[lrincpc1]
(1,797 observations deleted)
(clusters=26)

Bootstrap statistics

Variable |   Reps   Observed       Bias   Std. Err.   [95% Conf. Interval]
---------+-------------------------------------------------------------------
     bs1 |     50  -.0127035  -.0003335   .0141186   -.0410759  .0156688  (N)
         |                                           -.0394664  .0128503  (P)
         |                                            -.040429  .0128503 (BC)
---------+-------------------------------------------------------------------
     bs2 |     50   .0125506  -.0003325    .003546    .0054247  .0196765  (N)
         |                                            .0063422   .020935  (P)
         |                                            .0073727  .0211438 (BC)
---------+-------------------------------------------------------------------
     bs3 |     50  -.1352957  -.0412814   .0842756   -.3046538  .0340624  (N)
         |                                           -.3704721 -.0620338  (P)
         |                                           -.3036611 -.0539012 (BC)
-----------------------------------------------------------------------------
                              N = normal, P = percentile, BC = bias-corrected
(bs: xi: qreg lexems2o urateus1std rgap1std lrincpc1  i.cbsa*trend)
(obs=50)
------------------------------------------------------------------------------
             |      Coef.   Std. Err.      z    P>|z|     [95% Conf. Interval]
-------------+----------------------------------------------------------------
 urateus1std |  -.0127035   .0141186    -0.90   0.368    -.0403755    .0149684
    rgap1std |   .0125506    .003546     3.54   0.000     .0056007    .0195006
    lrincpc1 |  -.1352957   .0842756    -1.61   0.108    -.3004727    .0298814
------------------------------------------------------------------------------

.  
. 
. quietly log off
